[INFO] Scanning for projects...
[INFO] 
[INFO] ------------------------< com.example:yash-app >------------------------
[INFO] Building demo 0.0.1-SNAPSHOT
[INFO]   from pom.xml
[INFO] --------------------------------[ jar ]---------------------------------
[INFO] 
[INFO] >>> spring-boot:3.4.2:run (default-cli) > test-compile @ yash-app >>>
[INFO] 
[INFO] --- resources:3.3.1:resources (default-resources) @ yash-app ---
[INFO] Copying 1 resource from src/main/resources to target/classes
[INFO] Copying 0 resource from src/main/resources to target/classes
[INFO] 
[INFO] --- compiler:3.13.0:compile (default-compile) @ yash-app ---
[INFO] Nothing to compile - all classes are up to date.
[INFO] 
[INFO] --- resources:3.3.1:testResources (default-testResources) @ yash-app ---
[INFO] skip non existing resourceDirectory /home/yashj216/demo-app/src/test/resources
[INFO] 
[INFO] --- compiler:3.13.0:testCompile (default-testCompile) @ yash-app ---
[INFO] Nothing to compile - all classes are up to date.
[INFO] 
[INFO] <<< spring-boot:3.4.2:run (default-cli) < test-compile @ yash-app <<<
[INFO] 
[INFO] 
[INFO] --- spring-boot:3.4.2:run (default-cli) @ yash-app ---
[INFO] Attaching agents: []

  .   ____          _            __ _ _
 /\\ / ___'_ __ _ _(_)_ __  __ _ \ \ \ \
( ( )\___ | '_ | '_| | '_ \/ _` | \ \ \ \
 \\/  ___)| |_)| | | | | || (_| |  ) ) ) )
  '  |____| .__|_| |_|_| |_\__, | / / / /
 =========|_|==============|___/=/_/_/_/

 :: Spring Boot ::                (v3.4.2)

2025-01-30T08:52:22.362Z  INFO 10741 --- [demo] [           main] com.example.yash_app.DemoApplication     : Starting DemoApplication using Java 21.0.4 with PID 10741 (/home/yashj216/demo-app/target/classes started by root in /home/yashj216/demo-app)
2025-01-30T08:52:22.366Z  INFO 10741 --- [demo] [           main] com.example.yash_app.DemoApplication     : No active profile set, falling back to 1 default profile: "default"
2025-01-30T08:52:23.351Z  INFO 10741 --- [demo] [           main] o.s.b.w.embedded.tomcat.TomcatWebServer  : Tomcat initialized with port 8080 (http)
2025-01-30T08:52:23.367Z  INFO 10741 --- [demo] [           main] o.apache.catalina.core.StandardService   : Starting service [Tomcat]
2025-01-30T08:52:23.368Z  INFO 10741 --- [demo] [           main] o.apache.catalina.core.StandardEngine    : Starting Servlet engine: [Apache Tomcat/10.1.34]
2025-01-30T08:52:23.413Z  INFO 10741 --- [demo] [           main] o.a.c.c.C.[Tomcat].[localhost].[/]       : Initializing Spring embedded WebApplicationContext
2025-01-30T08:52:23.414Z  INFO 10741 --- [demo] [           main] w.s.c.ServletWebServerApplicationContext : Root WebApplicationContext: initialization completed in 982 ms
2025-01-30T08:52:23.750Z  INFO 10741 --- [demo] [           main] o.s.b.w.embedded.tomcat.TomcatWebServer  : Tomcat started on port 8080 (http) with context path '/'
2025-01-30T08:52:23.759Z  INFO 10741 --- [demo] [           main] com.example.yash_app.DemoApplication     : Started DemoApplication in 1.891 seconds (process running for 2.249)
2025-01-30T08:56:12.624Z  INFO 10741 --- [demo] [ionShutdownHook] o.s.b.w.e.tomcat.GracefulShutdown        : Commencing graceful shutdown. Waiting for active requests to complete
2025-01-30T08:56:12.630Z  INFO 10741 --- [demo] [tomcat-shutdown] o.s.b.w.e.tomcat.GracefulShutdown        : Graceful shutdown complete
[INFO] ------------------------------------------------------------------------
[INFO] BUILD SUCCESS
[INFO] ------------------------------------------------------------------------
[INFO] Total time:  03:53 min
[INFO] Finished at: 2025-01-30T08:56:12Z
[INFO] ------------------------------------------------------------------------
[INFO] Scanning for projects...
[INFO] 
[INFO] ------------------------< com.example:yash-app >------------------------
[INFO] Building demo 0.0.1-SNAPSHOT
[INFO]   from pom.xml
[INFO] --------------------------------[ jar ]---------------------------------
[INFO] 
[INFO] >>> spring-boot:3.4.2:run (default-cli) > test-compile @ yash-app >>>
[INFO] 
[INFO] --- resources:3.3.1:resources (default-resources) @ yash-app ---
[INFO] Copying 1 resource from src/main/resources to target/classes
[INFO] Copying 0 resource from src/main/resources to target/classes
[INFO] 
[INFO] --- compiler:3.13.0:compile (default-compile) @ yash-app ---
[INFO] Nothing to compile - all classes are up to date.
[INFO] 
[INFO] --- resources:3.3.1:testResources (default-testResources) @ yash-app ---
[INFO] skip non existing resourceDirectory /home/yashj216/demo-app/src/test/resources
[INFO] 
[INFO] --- compiler:3.13.0:testCompile (default-testCompile) @ yash-app ---
[INFO] Nothing to compile - all classes are up to date.
[INFO] 
[INFO] <<< spring-boot:3.4.2:run (default-cli) < test-compile @ yash-app <<<
[INFO] 
[INFO] 
[INFO] --- spring-boot:3.4.2:run (default-cli) @ yash-app ---
[INFO] Attaching agents: []

  .   ____          _            __ _ _
 /\\ / ___'_ __ _ _(_)_ __  __ _ \ \ \ \
( ( )\___ | '_ | '_| | '_ \/ _` | \ \ \ \
 \\/  ___)| |_)| | | | | || (_| |  ) ) ) )
  '  |____| .__|_| |_|_| |_\__, | / / / /
 =========|_|==============|___/=/_/_/_/

 :: Spring Boot ::                (v3.4.2)

2025-01-30T08:56:46.364Z  INFO 10827 --- [demo] [           main] com.example.yash_app.DemoApplication     : Starting DemoApplication using Java 21.0.4 with PID 10827 (/home/yashj216/demo-app/target/classes started by root in /home/yashj216/demo-app)
2025-01-30T08:56:46.368Z  INFO 10827 --- [demo] [           main] com.example.yash_app.DemoApplication     : No active profile set, falling back to 1 default profile: "default"
2025-01-30T08:56:47.375Z  INFO 10827 --- [demo] [           main] o.s.b.w.embedded.tomcat.TomcatWebServer  : Tomcat initialized with port 8080 (http)
2025-01-30T08:56:47.391Z  INFO 10827 --- [demo] [           main] o.apache.catalina.core.StandardService   : Starting service [Tomcat]
2025-01-30T08:56:47.391Z  INFO 10827 --- [demo] [           main] o.apache.catalina.core.StandardEngine    : Starting Servlet engine: [Apache Tomcat/10.1.34]
2025-01-30T08:56:47.434Z  INFO 10827 --- [demo] [           main] o.a.c.c.C.[Tomcat].[localhost].[/]       : Initializing Spring embedded WebApplicationContext
2025-01-30T08:56:47.435Z  INFO 10827 --- [demo] [           main] w.s.c.ServletWebServerApplicationContext : Root WebApplicationContext: initialization completed in 996 ms
2025-01-30T08:56:47.767Z  INFO 10827 --- [demo] [           main] o.s.b.w.embedded.tomcat.TomcatWebServer  : Tomcat started on port 8080 (http) with context path '/'
2025-01-30T08:56:47.775Z  INFO 10827 --- [demo] [           main] com.example.yash_app.DemoApplication     : Started DemoApplication in 1.901 seconds (process running for 2.291)
2025-01-30T08:56:51.639Z  INFO 10827 --- [demo] [ionShutdownHook] o.s.b.w.e.tomcat.GracefulShutdown        : Commencing graceful shutdown. Waiting for active requests to complete
2025-01-30T08:56:51.645Z  INFO 10827 --- [demo] [tomcat-shutdown] o.s.b.w.e.tomcat.GracefulShutdown        : Graceful shutdown complete
[INFO] ------------------------------------------------------------------------
[INFO] BUILD SUCCESS
[INFO] ------------------------------------------------------------------------
[INFO] Total time:  8.233 s
[INFO] Finished at: 2025-01-30T08:56:51Z
[INFO] ------------------------------------------------------------------------
[INFO] Scanning for projects...
[INFO] 
[INFO] ------------------------< com.example:yash-app >------------------------
[INFO] Building demo 0.0.1-SNAPSHOT
[INFO]   from pom.xml
[INFO] --------------------------------[ jar ]---------------------------------
[INFO] 
[INFO] >>> spring-boot:3.4.2:run (default-cli) > test-compile @ yash-app >>>
[INFO] 
[INFO] --- resources:3.3.1:resources (default-resources) @ yash-app ---
[INFO] Copying 1 resource from src/main/resources to target/classes
[INFO] Copying 0 resource from src/main/resources to target/classes
[INFO] 
[INFO] --- compiler:3.13.0:compile (default-compile) @ yash-app ---
[INFO] Nothing to compile - all classes are up to date.
[INFO] 
[INFO] --- resources:3.3.1:testResources (default-testResources) @ yash-app ---
[INFO] skip non existing resourceDirectory /home/yashj216/demo-app/src/test/resources
[INFO] 
[INFO] --- compiler:3.13.0:testCompile (default-testCompile) @ yash-app ---
[INFO] Nothing to compile - all classes are up to date.
[INFO] 
[INFO] <<< spring-boot:3.4.2:run (default-cli) < test-compile @ yash-app <<<
[INFO] 
[INFO] 
[INFO] --- spring-boot:3.4.2:run (default-cli) @ yash-app ---
[INFO] Attaching agents: []

  .   ____          _            __ _ _
 /\\ / ___'_ __ _ _(_)_ __  __ _ \ \ \ \
( ( )\___ | '_ | '_| | '_ \/ _` | \ \ \ \
 \\/  ___)| |_)| | | | | || (_| |  ) ) ) )
  '  |____| .__|_| |_|_| |_\__, | / / / /
 =========|_|==============|___/=/_/_/_/

 :: Spring Boot ::                (v3.4.2)

2025-01-30T08:57:12.565Z  INFO 10905 --- [demo] [           main] com.example.yash_app.DemoApplication     : Starting DemoApplication using Java 21.0.4 with PID 10905 (/home/yashj216/demo-app/target/classes started by root in /home/yashj216/demo-app)
2025-01-30T08:57:12.575Z  INFO 10905 --- [demo] [           main] com.example.yash_app.DemoApplication     : No active profile set, falling back to 1 default profile: "default"
2025-01-30T08:57:13.571Z  INFO 10905 --- [demo] [           main] o.s.b.w.embedded.tomcat.TomcatWebServer  : Tomcat initialized with port 8080 (http)
2025-01-30T08:57:13.587Z  INFO 10905 --- [demo] [           main] o.apache.catalina.core.StandardService   : Starting service [Tomcat]
2025-01-30T08:57:13.587Z  INFO 10905 --- [demo] [           main] o.apache.catalina.core.StandardEngine    : Starting Servlet engine: [Apache Tomcat/10.1.34]
2025-01-30T08:57:13.630Z  INFO 10905 --- [demo] [           main] o.a.c.c.C.[Tomcat].[localhost].[/]       : Initializing Spring embedded WebApplicationContext
2025-01-30T08:57:13.631Z  INFO 10905 --- [demo] [           main] w.s.c.ServletWebServerApplicationContext : Root WebApplicationContext: initialization completed in 989 ms
2025-01-30T08:57:13.964Z  INFO 10905 --- [demo] [           main] o.s.b.w.embedded.tomcat.TomcatWebServer  : Tomcat started on port 8080 (http) with context path '/'
2025-01-30T08:57:13.972Z  INFO 10905 --- [demo] [           main] com.example.yash_app.DemoApplication     : Started DemoApplication in 1.888 seconds (process running for 2.329)
2025-01-30T08:57:16.350Z  INFO 10905 --- [demo] [ionShutdownHook] o.s.b.w.e.tomcat.GracefulShutdown        : Commencing graceful shutdown. Waiting for active requests to complete
2025-01-30T08:57:16.356Z  INFO 10905 --- [demo] [tomcat-shutdown] o.s.b.w.e.tomcat.GracefulShutdown        : Graceful shutdown complete
[INFO] ------------------------------------------------------------------------
[INFO] BUILD SUCCESS
[INFO] ------------------------------------------------------------------------
[INFO] Total time:  6.822 s
[INFO] Finished at: 2025-01-30T08:57:16Z
[INFO] ------------------------------------------------------------------------
